Server is up and running on port 3003
Server is up and running on port 3003
Cached news article sources updated.
Cached news article sources updated.
Cached news article sources updated.
Cached news article sources updated.
Cached news article sources updated.
Cached news article sources updated.
Cached news article sources updated.
Cached news article sources updated.
Cached news article sources updated.
Cached news article sources updated.
Cached news article sources updated.
Cached news article sources updated.
Cached news article sources updated.
Cached news article sources updated.
Cached news article sources updated.
Cached news article sources updated.
Cached news article sources updated.
Cached news article sources updated.
Cached news article sources updated.
Cached news article sources updated.
Cached news article sources updated.
Cached news article sources updated.
Cached news article sources updated.
Cached news article sources updated.
Cached news article sources updated.
Cached news article sources updated.
Cached news article sources updated.
Cached news article sources updated.
Cached news article sources updated.
Cached news article sources updated.
Cached news article sources updated.
Cached news article sources updated.
Cached news article sources updated.
Cached news article sources updated.
Cached news article sources updated.
Cached news article sources updated.
Cached news article sources updated.
Cached news article sources updated.
Cached news article sources updated.
Cached news article sources updated.
Server is up and running on port 3003
Server is up and running on port 3003
CACHED SOURCES DATA
Server is up and running on port 3003
[object Object]
Server is up and running on port 3003
Server is up and running on port 3003
ARTICLES from cache:
Server is up and running on port 3003
Server is up and running on port 3003
Server is up and running on port 3003
Server is up and running on port 3003
Server is up and running on port 3003
Server is up and running on port 3003
Server is up and running on port 3003
Server is up and running on port 3003
Server is up and running on port 3003
Server is up and running on port 3003
Server is up and running on port 3003
Server is up and running on port 3003
Server is up and running on port 3003
Server is up and running on port 3003
CACHED SOURCES DATA
Server is up and running on port 3003
Server is up and running on port 3003
Server is up and running on port 3003
Server is up and running on port 3003
Server is up and running on port 3003
Server is up and running on port 3003
Server is up and running on port 3003
Server is up and running on port 3003
Server is up and running on port 3003
REACHED HERE
Server is up and running on port 
Server is up and running on port 3003
Server is up and running on port 3003
Server is up and running on port 3003
eyJhbGciOiJIUzI1NiIsInR5cCI6IkpXVCJ9.eyJpZCI6ImQwMjYzZWYwLTU4ODYtNGMyOC1iNDc3LThhODBmYTE2MzM4ZSIsImlhdCI6MTY4ODMwMzg0M30.DcVXrqFK4Pcu4kURGdCcv0Hpm_xTFbU0yOh2zkMD_4Q
[object Object]
REACHED HERE
eyJhbGciOiJIUzI1NiIsInR5cCI6IkpXVCJ9.eyJpZCI6ImQwMjYzZWYwLTU4ODYtNGMyOC1iNDc3LThhODBmYTE2MzM4ZSIsImlhdCI6MTY4ODMwMzg0M30.DcVXrqFK4Pcu4kURGdCcv0Hpm_xTFbU0yOh2zkMD_4Q
[object Object]
Server is up and running on port 3003
{{authToken}}
[object Object]
Server is up and running on port 3003
eyJhbGciOiJIUzI1NiIsInR5cCI6IkpXVCJ9.eyJpZCI6ImQwMjYzZWYwLTU4ODYtNGMyOC1iNDc3LThhODBmYTE2MzM4ZSIsImlhdCI6MTY4ODMwNTQ2Nn0.k8LmdXdMtwBjiaKuicRaTaMCO1rg8gVv5ivOrl4GgpU
[object Object]
eyJhbGciOiJIUzI1NiIsInR5cCI6IkpXVCJ9.eyJpZCI6ImQwMjYzZWYwLTU4ODYtNGMyOC1iNDc3LThhODBmYTE2MzM4ZSIsImlhdCI6MTY4ODMwNTQ2Nn0.k8LmdXdMtwBjiaKuicRaTaMCO1rg8gVv5ivOrl4GgpU
[object Object]
REACHED HERE
Server is up and running on port 3003
Server is up and running on port 3003
eyJhbGciOiJIUzI1NiIsInR5cCI6IkpXVCJ9.eyJpZCI6ImQwMjYzZWYwLTU4ODYtNGMyOC1iNDc3LThhODBmYTE2MzM4ZSIsImlhdCI6MTY4ODMwNTQ2Nn0.k8LmdXdMtwBjiaKuicRaTaMCO1rg8gVv5ivOrl4GgpU
[object Object]
REACHED HERE HERE
eyJhbGciOiJIUzI1NiIsInR5cCI6IkpXVCJ9.eyJpZCI6ImQwMjYzZWYwLTU4ODYtNGMyOC1iNDc3LThhODBmYTE2MzM4ZSIsImlhdCI6MTY4ODMwNTQ2Nn0.k8LmdXdMtwBjiaKuicRaTaMCO1rg8gVv5ivOrl4GgpU
[object Object]
REACHED HERE
eyJhbGciOiJIUzI1NiIsInR5cCI6IkpXVCJ9.eyJpZCI6ImQwMjYzZWYwLTU4ODYtNGMyOC1iNDc3LThhODBmYTE2MzM4ZSIsImlhdCI6MTY4ODMwNTQ2Nn0.k8LmdXdMtwBjiaKuicRaTaMCO1rg8gVv5ivOrl4GgpU
[object Object]
CACHED SOURCES DATA
Server is up and running on port 3003
Server is up and running on port 3003
Server is up and running on port 3003
Server is up and running on port 3003
eyJhbGciOiJIUzI1NiIsInR5cCI6IkpXVCJ9.eyJpZCI6ImQwMjYzZWYwLTU4ODYtNGMyOC1iNDc3LThhODBmYTE2MzM4ZSIsImlhdCI6MTY4ODMwNTQ2Nn0.k8LmdXdMtwBjiaKuicRaTaMCO1rg8gVv5ivOrl4GgpU
[object Object]
CACHED SOURCES DATA
Server is up and running on port 3003
Server is up and running on port 3003
Server is up and running on port 3003
Server is up and running on port 3003
Server is up and running on port 3003
Server is up and running on port 3003
Server is up and running on port 3003
Server is up and running on port 3003
Server is up and running on port 3003
Server is up and running on port 3003
Server is up and running on port 3003
eyJhbGciOiJIUzI1NiIsInR5cCI6IkpXVCJ9.eyJpZCI6ImQwMjYzZWYwLTU4ODYtNGMyOC1iNDc3LThhODBmYTE2MzM4ZSIsImlhdCI6MTY4ODMwNTQ2Nn0.k8LmdXdMtwBjiaKuicRaTaMCO1rg8gVv5ivOrl4GgpU
Server is up and running on port 3003
eyJhbGciOiJIUzI1NiIsInR5cCI6IkpXVCJ9.eyJpZCI6ImQwMjYzZWYwLTU4ODYtNGMyOC1iNDc3LThhODBmYTE2MzM4ZSIsImlhdCI6MTY4ODMwNTQ2Nn0.k8LmdXdMtwBjiaKuicRaTaMCO1rg8gVv5ivOrl4GgpU
Server is up and running on port 3003
eyJhbGciOiJIUzI1NiIsInR5cCI6IkpXVCJ9.eyJpZCI6ImQwMjYzZWYwLTU4ODYtNGMyOC1iNDc3LThhODBmYTE2MzM4ZSIsImlhdCI6MTY4ODMwNTQ2Nn0.k8LmdXdMtwBjiaKuicRaTaMCO1rg8gVv5ivOrl4GgpU
[object Object]
REACHED HERE
Server is up and running on port 3003
eyJhbGciOiJIUzI1NiIsInR5cCI6IkpXVCJ9.eyJpZCI6ImQwMjYzZWYwLTU4ODYtNGMyOC1iNDc3LThhODBmYTE2MzM4ZSIsImlhdCI6MTY4ODMwNTQ2Nn0.k8LmdXdMtwBjiaKuicRaTaMCO1rg8gVv5ivOrl4GgpU
[object Object]
REACHED HERE
Server is up and running on port 3003
eyJhbGciOiJIUzI1NiIsInR5cCI6IkpXVCJ9.eyJpZCI6ImQwMjYzZWYwLTU4ODYtNGMyOC1iNDc3LThhODBmYTE2MzM4ZSIsImlhdCI6MTY4ODMwNTQ2Nn0.k8LmdXdMtwBjiaKuicRaTaMCO1rg8gVv5ivOrl4GgpU
[object Object]
[object Object]
Server is up and running on port 3003
Server is up and running on port 3003
Server is up and running on port 3003
Server is up and running on port 3003
Server is up and running on port 3003
Server is up and running on port 3003
Server is up and running on port 3003
Server is up and running on port 3003
Server is up and running on port 3003
Server is up and running on port 3003
Server is up and running on port 3003
Server is up and running on port 3003
Server is up and running on port 3003
Server is up and running on port 3003
eyJhbGciOiJIUzI1NiIsInR5cCI6IkpXVCJ9.eyJpZCI6ImQwMjYzZWYwLTU4ODYtNGMyOC1iNDc3LThhODBmYTE2MzM4ZSIsImlhdCI6MTY4ODMwNTQ2Nn0.k8LmdXdMtwBjiaKuicRaTaMCO1rg8gVv5ivOrl4GgpU
[object Object]
Server is up and running on port 3003
eyJhbGciOiJIUzI1NiIsInR5cCI6IkpXVCJ9.eyJpZCI6ImQwMjYzZWYwLTU4ODYtNGMyOC1iNDc3LThhODBmYTE2MzM4ZSIsImlhdCI6MTY4ODMwNTQ2Nn0.k8LmdXdMtwBjiaKuicRaTaMCO1rg8gVv5ivOrl4GgpU
[object Object]
eyJhbGciOiJIUzI1NiIsInR5cCI6IkpXVCJ9.eyJpZCI6ImQwMjYzZWYwLTU4ODYtNGMyOC1iNDc3LThhODBmYTE2MzM4ZSIsImlhdCI6MTY4ODMwNTQ2Nn0.k8LmdXdMtwBjiaKuicRaTaMCO1rg8gVv5ivOrl4GgpU
[object Object]
Server is up and running on port 3003
Server is up and running on port 3003
eyJhbGciOiJIUzI1NiIsInR5cCI6IkpXVCJ9.eyJpZCI6ImQwMjYzZWYwLTU4ODYtNGMyOC1iNDc3LThhODBmYTE2MzM4ZSIsImlhdCI6MTY4ODMwNTQ2Nn0.k8LmdXdMtwBjiaKuicRaTaMCO1rg8gVv5ivOrl4GgpU
[object Object]
eyJhbGciOiJIUzI1NiIsInR5cCI6IkpXVCJ9.eyJpZCI6ImQwMjYzZWYwLTU4ODYtNGMyOC1iNDc3LThhODBmYTE2MzM4ZSIsImlhdCI6MTY4ODMwNTQ2Nn0.k8LmdXdMtwBjiaKuicRaTaMCO1rg8gVv5ivOrl4GgpU
[object Object]
REACHED HERE HERE
Server is up and running on port 3003
Server is up and running on port 3003
Server is up and running on port 3003
[object Object]
eyJhbGciOiJIUzI1NiIsInR5cCI6IkpXVCJ9.eyJpZCI6ImQwMjYzZWYwLTU4ODYtNGMyOC1iNDc3LThhODBmYTE2MzM4ZSIsImlhdCI6MTY4ODMwNTQ2Nn0.k8LmdXdMtwBjiaKuicRaTaMCO1rg8gVv5ivOrl4GgpU
[object Object]
Server is up and running on port undefined
Server is up and running on port 3003
[object Object]
eyJhbGciOiJIUzI1NiIsInR5cCI6IkpXVCJ9.eyJpZCI6ImQwMjYzZWYwLTU4ODYtNGMyOC1iNDc3LThhODBmYTE2MzM4ZSIsImlhdCI6MTY4ODMwNTQ2Nn0.k8LmdXdMtwBjiaKuicRaTaMCO1rg8gVv5ivOrl4GgpU
[object Object]
Server is up and running on port 3003
Server is up and running on port 3003
Server is up and running on port 3003
Server is up and running on port 3003
Server is up and running on port 3003
Server is up and running on port 3003
Server is up and running on port 3003
Server is up and running on port 3003
Server is up and running on port 3003
Server is up and running on port 3003
listening
Server is up and running on port 3003
Server is up and running on port 3003
Server is up and running on port 3003
Server is up and running on port 3003
Server is up and running on port 3003
Server is up and running on port 3003
Server is up and running on port 3003
Server is up and running on port 3003
Server is up and running on port 3003
Cached news article sources updated.
Server is up and running on port 3003
Server is up and running on port 3003
Server is up and running on port 3003
Server is up and running on port 3003
Server is up and running on port 3003
Server is up and running on port 3003
